#
# There is insufficient memory for the Java Runtime Environment to continue.
# Native memory allocation (malloc) failed to allocate 1048576 bytes for AllocateHeap
# Possible reasons:
#   The system is out of physical RAM or swap space
#   The process is running with CompressedOops enabled, and the Java Heap may be blocking the growth of the native heap
# Possible solutions:
#   Reduce memory load on the system
#   Increase physical memory or swap space
#   Check if swap backing store is full
#   Decrease Java heap size (-Xmx/-Xms)
#   Decrease number of Java threads
#   Decrease Java thread stack sizes (-Xss)
#   Set larger code cache with -XX:ReservedCodeCacheSize=
#   JVM is running with Unscaled Compressed Oops mode in which the Java heap is
#     placed in the first 4GB address space. The Java Heap base address is the
#     maximum limit for the native heap growth. Please use -XX:HeapBaseMinAddress
#     to set the Java Heap base and to place the Java Heap above 4GB virtual address.
# This output file may be truncated or incomplete.
#
#  Out of Memory Error (t:/workspace/open/src/hotspot/share/memory/allocation.cpp:46), pid=24724, tid=17944
#
# JRE version: Java(TM) SE Runtime Environment (11.0.6+8) (build 11.0.6+8-LTS)
# Java VM: Java HotSpot(TM) 64-Bit Server VM (11.0.6+8-LTS, mixed mode, tiered, compressed oops, g1 gc, windows-amd64)
# No core dump will be written. Minidumps are not enabled by default on client versions of Windows
#

---------------  S U M M A R Y ------------

Command Line: -Dfile.encoding=Cp1252 hotelMangementSystem.AddEmp

Host: AMD Ryzen 5 3500U with Radeon Vega Mobile Gfx  , 8 cores, 5G,  Windows 10 , 64 bit Build 18362 (10.0.18362.1082)
Time: Thu Sep 17 23:26:27 2020 India Standard Time elapsed time: 1 seconds (0d 0h 0m 1s)

---------------  T H R E A D  ---------------

Current thread (0x000001c2abac1800):  VMThread "VM Thread" [stack: 0x0000000701000000,0x0000000701100000] [id=17944]

Stack: [0x0000000701000000,0x0000000701100000]
[error occurred during error reporting (printing stack bounds), id 0xc0000005, EXCEPTION_ACCESS_VIOLATION (0xc0000005) at pc=0x000001c2964d0bad]

Native frames: (J=compiled Java code, j=interpreted, Vv=VM code, C=native code)
V  [jvm.dll+0x63679a]
V  [jvm.dll+0x7755bf]
V  [jvm.dll+0x776c65]
V  [jvm.dll+0x777235]
V  [jvm.dll+0x7771eb]
V  [jvm.dll+0x635e96]
V  [jvm.dll+0x636268]
C  [ntdll.dll+0xa11cf]
C  [ntdll.dll+0x6a209]
C  [ntdll.dll+0x9fe3e]
C  0x000001c2964d0bad

VM_Operation (0x00000007027f8de0): CollectForMetadataAllocation, mode: safepoint, requested by thread 0x000001c2acce8000


---------------  P R O C E S S  ---------------

Threads class SMR info:
_java_thread_list=0x000001c2b3597d40, length=17, elements={
0x000001c2abac6800, 0x000001c2abacf800, 0x000001c2abae4800, 0x000001c2abae6800,
0x000001c2abae7800, 0x000001c2abaf6000, 0x000001c2abaf7800, 0x000001c2ac5a2000,
0x000001c2ac5ab000, 0x000001c2ac8db000, 0x000001c2ac8fb800, 0x000001c2ac975000,
0x000001c2ac8ed800, 0x000001c2acce8000, 0x000001c2acac0800, 0x000001c28e140000,
0x000001c2b2fb1800
}

Java Threads: ( => current thread )
  0x000001c2abac6800 JavaThread "Reference Handler" daemon [_thread_blocked, id=25404, stack(0x0000000701100000,0x0000000701200000)]
  0x000001c2abacf800 JavaThread "Finalizer" daemon [_thread_blocked, id=24836, stack(0x0000000701200000,0x0000000701300000)]
  0x000001c2abae4800 JavaThread "Signal Dispatcher" daemon [_thread_blocked, id=24668, stack(0x0000000701300000,0x0000000701400000)]
  0x000001c2abae6800 JavaThread "Attach Listener" daemon [_thread_blocked, id=25564, stack(0x0000000701400000,0x0000000701500000)]
  0x000001c2abae7800 JavaThread "C2 CompilerThread0" daemon [_thread_blocked, id=24776, stack(0x0000000701500000,0x0000000701600000)]
  0x000001c2abaf6000 JavaThread "C1 CompilerThread0" daemon [_thread_blocked, id=24628, stack(0x0000000701600000,0x0000000701700000)]
  0x000001c2abaf7800 JavaThread "Sweeper thread" daemon [_thread_blocked, id=24648, stack(0x0000000701700000,0x0000000701800000)]
  0x000001c2ac5a2000 JavaThread "Service Thread" daemon [_thread_blocked, id=24616, stack(0x0000000701800000,0x0000000701900000)]
  0x000001c2ac5ab000 JavaThread "Common-Cleaner" daemon [_thread_blocked, id=24652, stack(0x0000000701a00000,0x0000000701b00000)]
  0x000001c2ac8db000 JavaThread "C2 CompilerThread1" daemon [_thread_blocked, id=25512, stack(0x0000000701b00000,0x0000000701c00000)]
  0x000001c2ac8fb800 JavaThread "Java2D Disposer" daemon [_thread_blocked, id=24660, stack(0x0000000701c00000,0x0000000701d00000)]
  0x000001c2ac975000 JavaThread "AWT-Shutdown" [_thread_blocked, id=25304, stack(0x0000000701d00000,0x0000000701e00000)]
  0x000001c2ac8ed800 JavaThread "AWT-Windows" daemon [_thread_in_native, id=22076, stack(0x0000000701e00000,0x0000000701f00000)]
  0x000001c2acce8000 JavaThread "AWT-EventQueue-0" [_thread_blocked, id=22160, stack(0x0000000702700000,0x0000000702800000)]
  0x000001c2acac0800 JavaThread "Image Fetcher 0" daemon [_thread_blocked, id=16096, stack(0x0000000702800000,0x0000000702900000)]
  0x000001c28e140000 JavaThread "DestroyJavaVM" [_thread_blocked, id=24840, stack(0x0000000700a00000,0x0000000700b00000)]
  0x000001c2b2fb1800 JavaThread "D3D Screen Updater" daemon [_thread_blocked, id=18128, stack(0x0000000702f00000,0x0000000703000000)]

Other Threads:
=>0x000001c2abac1800 VMThread "VM Thread" [stack: 0x0000000701000000,0x0000000701100000] [id=17944]
  0x000001c2ac5aa800 WatcherThread [stack: 0x0000000701900000,0x0000000701a00000] [id=25428]
  0x000001c28e156000 GCTaskThread "GC Thread#0" [stack: 0x0000000700b00000,0x0000000700c00000] [id=18568]
  0x000001c2acfa3800 GCTaskThread "GC Thread#1" [stack: 0x0000000702900000,0x0000000702a00000] [id=19268]
  0x000001c2acd30800 GCTaskThread "GC Thread#2" [stack: 0x0000000702a00000,0x0000000702b00000] [id=20636]
  0x000001c2b2a24800 GCTaskThread "GC Thread#3" [stack: 0x0000000702b00000,0x0000000702c00000] [id=25300]
  0x000001c2b2a25000 GCTaskThread "GC Thread#4" [stack: 0x0000000702c00000,0x0000000702d00000] [id=25092]
  0x000001c2acc81800 GCTaskThread "GC Thread#5" [stack: 0x0000000702d00000,0x0000000702e00000] [id=23560]
  0x000001c28e17d000 ConcurrentGCThread "G1 Main Marker" [stack: 0x0000000700c00000,0x0000000700d00000] [id=19688]
  0x000001c28e17e800 ConcurrentGCThread "G1 Conc#0" [stack: 0x0000000700d00000,0x0000000700e00000] [id=12960]
  0x000001c2acec0800 ConcurrentGCThread "G1 Conc#1" [stack: 0x0000000703000000,0x0000000703100000] [id=23824]
  0x000001c28e205800 ConcurrentGCThread "G1 Refine#0" [stack: 0x0000000700e00000,0x0000000700f00000] [id=24612]
  0x000001c28e206800 ConcurrentGCThread "G1 Young RemSet Sampling" [stack: 0x0000000700f00000,0x0000000701000000] [id=25232]

Threads with active compile tasks:

VM state:at safepoint (normal execution)

VM Mutex/Monitor currently owned by a thread:  ([mutex/lock_event])
[0x000001c28e13dc80] Threads_lock - owner thread: 0x000001c2abac1800
[0x000001c28e13dd10] Heap_lock - owner thread: 0x000001c2acce8000

Heap address: 0x00000000a0c00000, size: 1524 MB, Compressed Oops mode: 32-bit
Narrow klass base: 0x0000000000000000, Narrow klass shift: 3
Compressed class space size: 1073741824 Address: 0x0000000100000000

Heap:
 garbage-first heap   total 98304K, used 22203K [0x00000000a0c00000, 0x0000000100000000)
  region size 1024K, 4 young (4096K), 4 survivors (4096K)
 Metaspace       used 16806K, capacity 17169K, committed 17280K, reserved 1073152K
  class space    used 1864K, capacity 2066K, committed 2176K, reserved 1048576K
Heap Regions: E=young(eden), S=young(survivor), O=old, HS=humongous(starts), HC=humongous(continues), CS=collection set, F=free, A=archive, TAMS=top-at-mark-start (previous, next)
|   0|0x00000000a0c00000, 0x00000000a0d00000, 0x00000000a0d00000|100%|HS|  |TAMS 0x00000000a0c00000, 0x00000000a0d00000| Complete 
|   1|0x00000000a0d00000, 0x00000000a0e00000, 0x00000000a0e00000|100%|HC|  |TAMS 0x00000000a0d00000, 0x00000000a0e00000| Complete 
|   2|0x00000000a0e00000, 0x00000000a0f00000, 0x00000000a0f00000|100%|HC|  |TAMS 0x00000000a0e00000, 0x00000000a0f00000| Complete 
|   3|0x00000000a0f00000, 0x00000000a1000000, 0x00000000a1000000|100%|HC|  |TAMS 0x00000000a0f00000, 0x00000000a1000000| Complete 
|   4|0x00000000a1000000, 0x00000000a1100000, 0x00000000a1100000|100%|HC|  |TAMS 0x00000000a1000000, 0x00000000a1100000| Complete 
|   5|0x00000000a1100000, 0x00000000a1200000, 0x00000000a1200000|100%|HC|  |TAMS 0x00000000a1100000, 0x00000000a1200000| Complete 
|   6|0x00000000a1200000, 0x00000000a1300000, 0x00000000a1300000|100%|HC|  |TAMS 0x00000000a1200000, 0x00000000a1300000| Complete 
|   7|0x00000000a1300000, 0x00000000a1400000, 0x00000000a1400000|100%|HC|  |TAMS 0x00000000a1300000, 0x00000000a1400000| Complete 
|   8|0x00000000a1400000, 0x00000000a1500000, 0x00000000a1500000|100%|HC|  |TAMS 0x00000000a1400000, 0x00000000a1500000| Complete 
|   9|0x00000000a1500000, 0x00000000a1600000, 0x00000000a1600000|100%|HC|  |TAMS 0x00000000a1500000, 0x00000000a1600000| Complete 
|  10|0x00000000a1600000, 0x00000000a1700000, 0x00000000a1700000|100%|HC|  |TAMS 0x00000000a1600000, 0x00000000a1700000| Complete 
|  11|0x00000000a1700000, 0x00000000a1800000, 0x00000000a1800000|100%|HC|  |TAMS 0x00000000a1700000, 0x00000000a1800000| Complete 
|  12|0x00000000a1800000, 0x00000000a1900000, 0x00000000a1900000|100%|HC|  |TAMS 0x00000000a1800000, 0x00000000a1900000| Complete 
|  13|0x00000000a1900000, 0x00000000a1a00000, 0x00000000a1a00000|100%|HC|  |TAMS 0x00000000a1900000, 0x00000000a1a00000| Complete 
|  14|0x00000000a1a00000, 0x00000000a1b00000, 0x00000000a1b00000|100%|HC|  |TAMS 0x00000000a1a00000, 0x00000000a1b00000| Complete 
|  15|0x00000000a1b00000, 0x00000000a1c00000, 0x00000000a1c00000|100%|HC|  |TAMS 0x00000000a1b00000, 0x00000000a1c00000| Complete 
|  16|0x00000000a1c00000, 0x00000000a1d00000, 0x00000000a1d00000|100%|HC|  |TAMS 0x00000000a1c00000, 0x00000000a1d00000| Complete 
|  17|0x00000000a1d00000, 0x00000000a1e00000, 0x00000000a1e00000|100%|HS|  |TAMS 0x00000000a1d00000, 0x00000000a1e00000| Complete 
|  18|0x00000000a1e00000, 0x00000000a1e00000, 0x00000000a1f00000|  0%| F|  |TAMS 0x00000000a1e00000, 0x00000000a1e00000| Untracked 
|  19|0x00000000a1f00000, 0x00000000a1f00000, 0x00000000a2000000|  0%| F|  |TAMS 0x00000000a1f00000, 0x00000000a1f00000| Untracked 
|  20|0x00000000a2000000, 0x00000000a2000000, 0x00000000a2100000|  0%| F|  |TAMS 0x00000000a2000000, 0x00000000a2000000| Untracked 
|  21|0x00000000a2100000, 0x00000000a2100000, 0x00000000a2200000|  0%| F|  |TAMS 0x00000000a2100000, 0x00000000a2100000| Untracked 
|  22|0x00000000a2200000, 0x00000000a2200000, 0x00000000a2300000|  0%| F|  |TAMS 0x00000000a2200000, 0x00000000a2200000| Untracked 
|  23|0x00000000a2300000, 0x00000000a2300000, 0x00000000a2400000|  0%| F|  |TAMS 0x00000000a2300000, 0x00000000a2300000| Untracked 
|  24|0x00000000a2400000, 0x00000000a2400000, 0x00000000a2500000|  0%| F|  |TAMS 0x00000000a2400000, 0x00000000a2400000| Untracked 
|  25|0x00000000a2500000, 0x00000000a2500000, 0x00000000a2600000|  0%| F|  |TAMS 0x00000000a2500000, 0x00000000a2500000| Untracked 
|  26|0x00000000a2600000, 0x00000000a2600000, 0x00000000a2700000|  0%| F|  |TAMS 0x00000000a2600000, 0x00000000a2600000| Untracked 
|  27|0x00000000a2700000, 0x00000000a2700000, 0x00000000a2800000|  0%| F|  |TAMS 0x00000000a2700000, 0x00000000a2700000| Untracked 
|  28|0x00000000a2800000, 0x00000000a2800000, 0x00000000a2900000|  0%| F|  |TAMS 0x00000000a2800000, 0x00000000a2800000| Untracked 
|  29|0x00000000a2900000, 0x00000000a2900000, 0x00000000a2a00000|  0%| F|  |TAMS 0x00000000a2900000, 0x00000000a2900000| Untracked 
|  30|0x00000000a2a00000, 0x00000000a2a00000, 0x00000000a2b00000|  0%| F|  |TAMS 0x00000000a2a00000, 0x00000000a2a00000| Untracked 
|  31|0x00000000a2b00000, 0x00000000a2b00000, 0x00000000a2c00000|  0%| F|  |TAMS 0x00000000a2b00000, 0x00000000a2b00000| Untracked 
|  32|0x00000000a2c00000, 0x00000000a2c00000, 0x00000000a2d00000|  0%| F|  |TAMS 0x00000000a2c00000, 0x00000000a2c00000| Untracked 
|  33|0x00000000a2d00000, 0x00000000a2d00000, 0x00000000a2e00000|  0%| F|  |TAMS 0x00000000a2d00000, 0x00000000a2d00000| Untracked 
|  34|0x00000000a2e00000, 0x00000000a2e00000, 0x00000000a2f00000|  0%| F|  |TAMS 0x00000000a2e00000, 0x00000000a2e00000| Untracked 
|  35|0x00000000a2f00000, 0x00000000a2f00000, 0x00000000a3000000|  0%| F|  |TAMS 0x00000000a2f00000, 0x00000000a2f00000| Untracked 
|  36|0x00000000a3000000, 0x00000000a3000000, 0x00000000a3100000|  0%| F|  |TAMS 0x00000000a3000000, 0x00000000a3000000| Untracked 
|  37|0x00000000a3100000, 0x00000000a3100000, 0x00000000a3200000|  0%| F|  |TAMS 0x00000000a3100000, 0x00000000a3100000| Untracked 
|  38|0x00000000a3200000, 0x00000000a3200000, 0x00000000a3300000|  0%| F|  |TAMS 0x00000000a3200000, 0x00000000a3200000| Untracked 
|  39|0x00000000a3300000, 0x00000000a3300000, 0x00000000a3400000|  0%| F|  |TAMS 0x00000000a3300000, 0x00000000a3300000| Untracked 
|  40|0x00000000a3400000, 0x00000000a3400000, 0x00000000a3500000|  0%| F|  |TAMS 0x00000000a3400000, 0x00000000a3400000| Untracked 
|  41|0x00000000a3500000, 0x00000000a3500000, 0x00000000a3600000|  0%| F|  |TAMS 0x00000000a3500000, 0x00000000a3500000| Untracked 
|  42|0x00000000a3600000, 0x00000000a3600000, 0x00000000a3700000|  0%| F|  |TAMS 0x00000000a3600000, 0x00000000a3600000| Untracked 
|  43|0x00000000a3700000, 0x00000000a3700000, 0x00000000a3800000|  0%| F|  |TAMS 0x00000000a3700000, 0x00000000a3700000| Untracked 
|  44|0x00000000a3800000, 0x00000000a3800000, 0x00000000a3900000|  0%| F|  |TAMS 0x00000000a3800000, 0x00000000a3800000| Untracked 
|  45|0x00000000a3900000, 0x00000000a3900000, 0x00000000a3a00000|  0%| F|  |TAMS 0x00000000a3900000, 0x00000000a3900000| Untracked 
|  46|0x00000000a3a00000, 0x00000000a3a00000, 0x00000000a3b00000|  0%| F|  |TAMS 0x00000000a3a00000, 0x00000000a3a00000| Untracked 
|  47|0x00000000a3b00000, 0x00000000a3b00000, 0x00000000a3c00000|  0%| F|  |TAMS 0x00000000a3b00000, 0x00000000a3b00000| Untracked 
|  48|0x00000000a3c00000, 0x00000000a3c00000, 0x00000000a3d00000|  0%| F|  |TAMS 0x00000000a3c00000, 0x00000000a3c00000| Untracked 
|  49|0x00000000a3d00000, 0x00000000a3d00000, 0x00000000a3e00000|  0%| F|  |TAMS 0x00000000a3d00000, 0x00000000a3d00000| Untracked 
|  50|0x00000000a3e00000, 0x00000000a3e00000, 0x00000000a3f00000|  0%| F|  |TAMS 0x00000000a3e00000, 0x00000000a3e00000| Untracked 
|  51|0x00000000a3f00000, 0x00000000a3f00000, 0x00000000a4000000|  0%| F|  |TAMS 0x00000000a3f00000, 0x00000000a3f00000| Untracked 
|  52|0x00000000a4000000, 0x00000000a4000000, 0x00000000a4100000|  0%| F|  |TAMS 0x00000000a4000000, 0x00000000a4000000| Untracked 
|  53|0x00000000a4100000, 0x00000000a4100000, 0x00000000a4200000|  0%| F|  |TAMS 0x00000000a4100000, 0x00000000a4100000| Untracked 
|  54|0x00000000a4200000, 0x00000000a4200000, 0x00000000a4300000|  0%| F|  |TAMS 0x00000000a4200000, 0x00000000a4200000| Untracked 
|  55|0x00000000a4300000, 0x00000000a4300000, 0x00000000a4400000|  0%| F|  |TAMS 0x00000000a4300000, 0x00000000a4300000| Untracked 
|  56|0x00000000a4400000, 0x00000000a4400000, 0x00000000a4500000|  0%| F|  |TAMS 0x00000000a4400000, 0x00000000a4400000| Untracked 
|  57|0x00000000a4500000, 0x00000000a4500000, 0x00000000a4600000|  0%| F|  |TAMS 0x00000000a4500000, 0x00000000a4500000| Untracked 
|  58|0x00000000a4600000, 0x00000000a4600000, 0x00000000a4700000|  0%| F|  |TAMS 0x00000000a4600000, 0x00000000a4600000| Untracked 
|  59|0x00000000a4700000, 0x00000000a4700000, 0x00000000a4800000|  0%| F|  |TAMS 0x00000000a4700000, 0x00000000a4700000| Untracked 
|  60|0x00000000a4800000, 0x00000000a4800000, 0x00000000a4900000|  0%| F|  |TAMS 0x00000000a4800000, 0x00000000a4800000| Untracked 
|  61|0x00000000a4900000, 0x00000000a4900000, 0x00000000a4a00000|  0%| F|  |TAMS 0x00000000a4900000, 0x00000000a4900000| Untracked 
|  62|0x00000000a4a00000, 0x00000000a4a00000, 0x00000000a4b00000|  0%| F|  |TAMS 0x00000000a4a00000, 0x00000000a4a00000| Untracked 
|  63|0x00000000a4b00000, 0x00000000a4b00000, 0x00000000a4c00000|  0%| F|  |TAMS 0x00000000a4b00000, 0x00000000a4b00000| Untracked 
|  64|0x00000000a4c00000, 0x00000000a4c00000, 0x00000000a4d00000|  0%| F|  |TAMS 0x00000000a4c00000, 0x00000000a4c00000| Untracked 
|  65|0x00000000a4d00000, 0x00000000a4d00000, 0x00000000a4e00000|  0%| F|  |TAMS 0x00000000a4d00000, 0x00000000a4d00000| Untracked 
|  66|0x00000000a4e00000, 0x00000000a4e00000, 0x00000000a4f00000|  0%| F|  |TAMS 0x00000000a4e00000, 0x00000000a4e00000| Untracked 
|  67|0x00000000a4f00000, 0x00000000a4f00000, 0x00000000a5000000|  0%| F|  |TAMS 0x00000000a4f00000, 0x00000000a4f00000| Untracked 
|  68|0x00000000a5000000, 0x00000000a5000000, 0x00000000a5100000|  0%| F|  |TAMS 0x00000000a5000000, 0x00000000a5000000| Untracked 
|  69|0x00000000a5100000, 0x00000000a5100000, 0x00000000a5200000|  0%| F|  |TAMS 0x00000000a5100000, 0x00000000a5100000| Untracked 
|  70|0x00000000a5200000, 0x00000000a5200000, 0x00000000a5300000|  0%| F|  |TAMS 0x00000000a5200000, 0x00000000a5200000| Untracked 
|  71|0x00000000a5300000, 0x00000000a5300000, 0x00000000a5400000|  0%| F|  |TAMS 0x00000000a5300000, 0x00000000a5300000| Untracked 
|  72|0x00000000a5400000, 0x00000000a5400000, 0x00000000a5500000|  0%| F|  |TAMS 0x00000000a5400000, 0x00000000a5400000| Untracked 
|  73|0x00000000a5500000, 0x00000000a5500000, 0x00000000a5600000|  0%| F|  |TAMS 0x00000000a5500000, 0x00000000a5500000| Untracked 
|  74|0x00000000a5600000, 0x00000000a5600000, 0x00000000a5700000|  0%| F|  |TAMS 0x00000000a5600000, 0x00000000a5600000| Untracked 
|  75|0x00000000a5700000, 0x00000000a5700000, 0x00000000a5800000|  0%| F|  |TAMS 0x00000000a5700000, 0x00000000a5700000| Untracked 
|  76|0x00000000a5800000, 0x00000000a5800000, 0x00000000a5900000|  0%| F|  |TAMS 0x00000000a5800000, 0x00000000a5800000| Untracked 
|  77|0x00000000a5900000, 0x00000000a5900000, 0x00000000a5a00000|  0%| F|  |TAMS 0x00000000a5900000, 0x00000000a5900000| Untracked 
|  78|0x00000000a5a00000, 0x00000000a5a00000, 0x00000000a5b00000|  0%| F|  |TAMS 0x00000000a5a00000, 0x00000000a5a00000| Untracked 
|  79|0x00000000a5b00000, 0x00000000a5baec78, 0x00000000a5c00000| 68%| S|CS|TAMS 0x00000000a5b00000, 0x00000000a5b00000| Complete 
|  80|0x00000000a5c00000, 0x00000000a5d00000, 0x00000000a5d00000|100%| S|CS|TAMS 0x00000000a5c00000, 0x00000000a5c00000| Complete 
|  81|0x00000000a5d00000, 0x00000000a5e00000, 0x00000000a5e00000|100%| S|CS|TAMS 0x00000000a5d00000, 0x00000000a5d00000| Complete 
|  82|0x00000000a5e00000, 0x00000000a5f00000, 0x00000000a5f00000|100%| S|CS|TAMS 0x00000000a5e00000, 0x00000000a5e00000| Complete 
|  83|0x00000000a5f00000, 0x00000000a5f00000, 0x00000000a6000000|  0%| F|  |TAMS 0x00000000a5f00000, 0x00000000a5f00000| Untracked 
|  84|0x00000000a6000000, 0x00000000a6000000, 0x00000000a6100000|  0%| F|  |TAMS 0x00000000a6000000, 0x00000000a6000000| Untracked 
|  85|0x00000000a6100000, 0x00000000a6100000, 0x00000000a6200000|  0%| F|  |TAMS 0x00000000a6100000, 0x00000000a6100000| Untracked 
|  86|0x00000000a6200000, 0x00000000a6200000, 0x00000000a6300000|  0%| F|  |TAMS 0x00000000a6200000, 0x00000000a6200000| Untracked 
|  87|0x00000000a6300000, 0x00000000a6300000, 0x00000000a6400000|  0%| F|  |TAMS 0x00000000a6300000, 0x00000000a6300000| Untracked 
|  88|0x00000000a6400000, 0x00000000a6400000, 0x00000000a6500000|  0%| F|  |TAMS 0x00000000a6400000, 0x00000000a6400000| Untracked 
|  89|0x00000000a6500000, 0x00000000a6500000, 0x00000000a6600000|  0%| F|  |TAMS 0x00000000a6500000, 0x00000000a6500000| Untracked 
|  90|0x00000000a6600000, 0x00000000a6600000, 0x00000000a6700000|  0%| F|  |TAMS 0x00000000a6600000, 0x00000000a6600000| Untracked 
|  91|0x00000000a6700000, 0x00000000a6700000, 0x00000000a6800000|  0%| F|  |TAMS 0x00000000a6700000, 0x00000000a6700000| Untracked 
|  92|0x00000000a6800000, 0x00000000a6800000, 0x00000000a6900000|  0%| F|  |TAMS 0x00000000a6800000, 0x00000000a6800000| Untracked 
|  93|0x00000000a6900000, 0x00000000a6900000, 0x00000000a6a00000|  0%| F|  |TAMS 0x00000000a6900000, 0x00000000a6900000| Untracked 
|  94|0x00000000a6a00000, 0x00000000a6a00000, 0x00000000a6b00000|  0%| F|  |TAMS 0x00000000a6a00000, 0x00000000a6a00000| Untracked 
|  95|0x00000000a6b00000, 0x00000000a6b00000, 0x00000000a6c00000|  0%| F|  |TAMS 0x00000000a6b00000, 0x00000000a6b00000| Untracked 

Card table byte_map: [0x000001c2a5b00000,0x000001c2a5e00000] _byte_map_base: 0x000001c2a55fa000

Marking Bits (Prev, Next): (CMBitMap*) 0x000001c28e175808, (CMBitMap*) 0x000001c28e175840
 Prev Bits: [0x000001c2a6100000, 0x000001c2a78d0000)
 Next Bits: [0x000001c2a78d0000, 0x000001c2a90a0000)

Polling page: 0x000001c28bff0000

Metaspace:

Usage:
  Non-class:     14.75 MB capacity,    14.59 MB ( 99%) used,   115.40 KB ( <1%) free+waste,    44.88 KB ( <1%) overhead. 
      Class:      2.02 MB capacity,     1.82 MB ( 90%) used,   178.32 KB (  9%) free+waste,    23.63 KB (  1%) overhead. 
       Both:     16.77 MB capacity,    16.41 MB ( 98%) used,   293.72 KB (  2%) free+waste,    68.50 KB ( <1%) overhead. 

Virtual space:
  Non-class space:       24.00 MB reserved,      14.75 MB ( 61%) committed 
      Class space:        1.00 GB reserved,       2.13 MB ( <1%) committed 
             Both:        1.02 GB reserved,      16.88 MB (  2%) committed 

Chunk freelists:
   Non-Class:  128 bytes
       Class:  1.75 KB
        Both:  1.88 KB

CodeHeap 'non-profiled nmethods': size=120000Kb used=526Kb max_used=526Kb free=119473Kb
 bounds [0x000001c29dfa0000, 0x000001c29e210000, 0x000001c2a54d0000]
CodeHeap 'profiled nmethods': size=120000Kb used=2499Kb max_used=2499Kb free=117501Kb
 bounds [0x000001c296a70000, 0x000001c296cf0000, 0x000001c29dfa0000]
CodeHeap 'non-nmethods': size=5760Kb used=1225Kb max_used=1277Kb free=4534Kb
 bounds [0x000001c2964d0000, 0x000001c296740000, 0x000001c296a70000]
 total_blobs=2185 nmethods=1315 adapters=513
 compilation: enabled
              stopped_count=0, restarted_count=0
 full_count=0

Compilation events (10 events):
Event: 1.600 Thread 0x000001c2abaf6000 1312       3       java.lang.String::startsWith (7 bytes)
Event: 1.601 Thread 0x000001c2abaf6000 nmethod 1312 0x000001c296ce0210 code [0x000001c296ce03c0, 0x000001c296ce0570]
Event: 1.601 Thread 0x000001c2abaf6000 1311       1       java.awt.Component::getWidth (5 bytes)
Event: 1.601 Thread 0x000001c2abaf6000 nmethod 1311 0x000001c29e023010 code [0x000001c29e0231c0, 0x000001c29e0232d8]
Event: 1.631 Thread 0x000001c2abaf6000 1313       1       sun.java2d.SurfaceData::isValid (5 bytes)
Event: 1.632 Thread 0x000001c2abaf6000 nmethod 1313 0x000001c29e023390 code [0x000001c29e023540, 0x000001c29e023658]
Event: 1.632 Thread 0x000001c2abaf6000 1314       1       sun.java2d.loops.SurfaceType::getSuperType (5 bytes)
Event: 1.632 Thread 0x000001c2abaf6000 nmethod 1314 0x000001c29e023710 code [0x000001c29e0238c0, 0x000001c29e0239d8]
Event: 1.632 Thread 0x000001c2abaf6000 1315       3       java.lang.invoke.DirectMethodHandle::preparedLambdaForm (31 bytes)
Event: 1.632 Thread 0x000001c2abaf6000 nmethod 1315 0x000001c296ce0610 code [0x000001c296ce0800, 0x000001c296ce0a90]

GC Heap History (4 events):
Event: 0.895 GC heap before
{Heap before GC invocations=0 (full 0):
 garbage-first heap   total 98304K, used 41984K [0x00000000a0c00000, 0x0000000100000000)
  region size 1024K, 24 young (24576K), 0 survivors (0K)
 Metaspace       used 14435K, capacity 14782K, committed 14848K, reserved 1062912K
  class space    used 1592K, capacity 1758K, committed 1792K, reserved 1048576K
}
Event: 0.900 GC heap after
{Heap after GC invocations=1 (full 0):
 garbage-first heap   total 98304K, used 20037K [0x00000000a0c00000, 0x0000000100000000)
  region size 1024K, 3 young (3072K), 3 survivors (3072K)
 Metaspace       used 14435K, capacity 14782K, committed 14848K, reserved 1062912K
  class space    used 1592K, capacity 1758K, committed 1792K, reserved 1048576K
}
Event: 1.633 GC heap before
{Heap before GC invocations=1 (full 0):
 garbage-first heap   total 98304K, used 33349K [0x00000000a0c00000, 0x0000000100000000)
  region size 1024K, 16 young (16384K), 3 survivors (3072K)
 Metaspace       used 16806K, capacity 17169K, committed 17280K, reserved 1071104K
  class space    used 1864K, capacity 2066K, committed 2176K, reserved 1048576K
}
Event: 1.637 GC heap after
{Heap after GC invocations=2 (full 0):
 garbage-first heap   total 98304K, used 22203K [0x00000000a0c00000, 0x0000000100000000)
  region size 1024K, 4 young (4096K), 4 survivors (4096K)
 Metaspace       used 16806K, capacity 17169K, committed 17280K, reserved 1071104K
  class space    used 1864K, capacity 2066K, committed 2176K, reserved 1048576K
}

Deoptimization events (10 events):
Event: 0.738 Thread 0x000001c2acac0800 Uncommon trap: reason=unstable_if action=reinterpret pc=0x000001c29dfe2ef8 method=sun.awt.image.PNGImageDecoder.filterRow([B[BIII)V @ 328 c2
Event: 0.812 Thread 0x000001c2acac0800 Uncommon trap: reason=unstable_if action=reinterpret pc=0x000001c29dfe96c4 method=sun.awt.image.PNGImageDecoder.filterRow([B[BIII)V @ 4 c2
Event: 0.915 Thread 0x000001c2acac0800 Uncommon trap: reason=unstable_if action=reinterpret pc=0x000001c29dfe4d8c method=sun.awt.image.PNGImageDecoder.produceImage()V @ 867 c2
Event: 1.128 Thread 0x000001c28e140000 Uncommon trap: reason=unstable_if action=reinterpret pc=0x000001c29dfdaeb8 method=java.lang.StringUTF16.compress([CI[BII)I @ 20 c2
Event: 1.270 Thread 0x000001c2acce8000 Uncommon trap: reason=unstable_if action=reinterpret pc=0x000001c29dff7010 method=java.util.HashMap.putVal(ILjava/lang/Object;Ljava/lang/Object;ZZ)Ljava/lang/Object; @ 181 c2
Event: 1.275 Thread 0x000001c2acce8000 Uncommon trap: reason=unstable_if action=reinterpret pc=0x000001c29e000b24 method=java.lang.StringLatin1.toLowerCase(Ljava/lang/String;[BLjava/util/Locale;)Ljava/lang/String; @ 40 c2
Event: 1.483 Thread 0x000001c2acce8000 Uncommon trap: reason=unstable_if action=reinterpret pc=0x000001c29dfb5e9c method=java.lang.String.hashCode()I @ 22 c2
Event: 1.485 Thread 0x000001c2acce8000 Uncommon trap: reason=unstable_if action=reinterpret pc=0x000001c29dfb734c method=java.lang.String.equals(Ljava/lang/Object;)Z @ 34 c2
Event: 1.485 Thread 0x000001c2acce8000 Uncommon trap: reason=unstable_if action=reinterpret pc=0x000001c29e00212c method=java.lang.CharacterData.of(I)Ljava/lang/CharacterData; @ 4 c2
Event: 1.528 Thread 0x000001c2acce8000 Uncommon trap: reason=unstable_if action=reinterpret pc=0x000001c29e01f9d4 method=java.lang.ref.SoftReference.get()Ljava/lang/Object; @ 6 c2

Classes redefined (0 events):
No events

Internal exceptions (10 events):
Event: 0.486 Thread 0x000001c28e140000 Exception <a 'java/lang/NoSuchMethodError'{0x00000000a66728c0}: java.lang.invoke.DirectMethodHandle$Holder.invokeSpecial(Ljava/lang/Object;Ljava/lang/Object;ILjava/lang/Object;Ljava/lang/Object;Ljava/lang/Object;)Ljava/lang/Object;> (0x00000000a66728c0) t
Event: 0.490 Thread 0x000001c28e140000 Exception <a 'java/lang/NoSuchMethodError'{0x00000000a668a7c0}: java.lang.invoke.DirectMethodHandle$Holder.invokeStatic(Ljava/lang/Object;ILjava/lang/Object;)Ljava/lang/Object;> (0x00000000a668a7c0) thrown at [t:/workspace/open/src/hotspot/share/interpret
Event: 0.513 Thread 0x000001c28e140000 Exception <a 'java/lang/ClassNotFoundException'{0x00000000a6535270}: com/sun/swing/internal/plaf/metal/resources/spi/metalProvider> (0x00000000a6535270) thrown at [t:/workspace/open/src/hotspot/share/classfile/systemDictionary.cpp, line 231]
Event: 0.515 Thread 0x000001c28e140000 Exception <a 'java/lang/ClassNotFoundException'{0x00000000a65394e0}: com/sun/swing/internal/plaf/basic/resources/spi/basicProvider> (0x00000000a65394e0) thrown at [t:/workspace/open/src/hotspot/share/classfile/systemDictionary.cpp, line 231]
Event: 1.100 Thread 0x000001c28e140000 Exception <a 'java/lang/NoSuchMethodError'{0x00000000a68279f8}: java.lang.invoke.DirectMethodHandle$Holder.invokeStaticInit(Ljava/lang/Object;)V> (0x00000000a68279f8) thrown at [t:/workspace/open/src/hotspot/share/interpreter/linkResolver.cpp, line 772]
Event: 1.152 Thread 0x000001c28e140000 Exception <a 'java/lang/NoSuchMethodError'{0x00000000a662f568}: java.lang.invoke.DirectMethodHandle$Holder.invokeStatic(Ljava/lang/Object;Ljava/lang/Object;Ljava/lang/Object;Ljava/lang/Object;Ljava/lang/Object;Ljava/lang/Object;Ljava/lang/Object;Ljava/lan
Event: 1.153 Thread 0x000001c28e140000 Exception <a 'java/lang/NoSuchMethodError'{0x00000000a664d768}: java.lang.invoke.DirectMethodHandle$Holder.invokeStatic(Ljava/lang/Object;Ljava/lang/Object;Ljava/lang/Object;Ljava/lang/Object;Ljava/lang/Object;Ljava/lang/Object;Ljava/lang/Object;Ljava/lan
Event: 1.155 Thread 0x000001c28e140000 Exception <a 'java/lang/NoSuchMethodError'{0x00000000a666c6f8}: java.lang.invoke.DirectMethodHandle$Holder.invokeStatic(Ljava/lang/Object;Ljava/lang/Object;Ljava/lang/Object;Ljava/lang/Object;Ljava/lang/Object;Ljava/lang/Object;Ljava/lang/Object;Ljava/lan
Event: 1.156 Thread 0x000001c28e140000 Exception <a 'java/lang/NoSuchMethodError'{0x00000000a6678750}: java.lang.invoke.Invokers$Holder.linkToTargetMethod(Ljava/lang/Object;ILjava/lang/Object;)Ljava/lang/Object;> (0x00000000a6678750) thrown at [t:/workspace/open/src/hotspot/share/interpreter/l
Event: 1.241 Thread 0x000001c2acce8000 Exception <a 'java/lang/NoSuchMethodError'{0x00000000a658e718}: java.lang.invoke.DirectMethodHandle$Holder.invokeStatic(Ljava/lang/Object;Ljava/lang/Object;Ljava/lang/Object;Ljava/lang/Object;Ljava/lang/Object;Ljava/lang/Object;Ljava/lang/Object;Ljava/lan

Events (10 events):
Event: 1.631 loading class sun/java2d/d3d/D3DPaints$LinearGradient
Event: 1.631 loading class sun/java2d/d3d/D3DPaints$MultiGradient
Event: 1.631 loading class sun/java2d/d3d/D3DPaints$MultiGradient done
Event: 1.631 loading class sun/java2d/d3d/D3DPaints$LinearGradient done
Event: 1.631 loading class sun/java2d/d3d/D3DPaints$RadialGradient
Event: 1.631 loading class sun/java2d/d3d/D3DPaints$RadialGradient done
Event: 1.631 loading class sun/java2d/d3d/D3DPaints$Texture
Event: 1.631 loading class sun/java2d/d3d/D3DPaints$Texture done
Event: 1.632 loading class sun/java2d/loops/SetDrawLineANY
Event: 1.633 Executing VM operation: CollectForMetadataAllocation


Dynamic libraries:
0x00007ff7aa000000 - 0x00007ff7aa047000 	C:\Program Files\Java\jdk-11.0.6\bin\javaw.exe
0x00007fff64a00000 - 0x00007fff64bf0000 	C:\WINDOWS\SYSTEM32\ntdll.dll
0x00007fff648f0000 - 0x00007fff649a2000 	C:\WINDOWS\System32\KERNEL32.DLL
0x00007fff62500000 - 0x00007fff627a5000 	C:\WINDOWS\System32\KERNELBASE.dll
0x00007fff642d0000 - 0x00007fff64373000 	C:\WINDOWS\System32\ADVAPI32.dll
0x00007fff644d0000 - 0x00007fff6456e000 	C:\WINDOWS\System32\msvcrt.dll
0x00007fff63cd0000 - 0x00007fff63d67000 	C:\WINDOWS\System32\sechost.dll
0x00007fff64720000 - 0x00007fff64840000 	C:\WINDOWS\System32\RPCRT4.dll
0x00007fff63b30000 - 0x00007fff63cc5000 	C:\WINDOWS\System32\USER32.dll
0x00007fff62320000 - 0x00007fff62341000 	C:\WINDOWS\System32\win32u.dll
0x00007fff63880000 - 0x00007fff638a6000 	C:\WINDOWS\System32\GDI32.dll
0x00007fff619e0000 - 0x00007fff61b76000 	C:\WINDOWS\System32\gdi32full.dll
0x00007fff62900000 - 0x00007fff6299e000 	C:\WINDOWS\System32\msvcp_win.dll
0x00007fff623d0000 - 0x00007fff624ca000 	C:\WINDOWS\System32\ucrtbase.dll
0x00007fff58fe0000 - 0x00007fff58fea000 	C:\WINDOWS\SYSTEM32\VERSION.dll
0x00007fff56a90000 - 0x00007fff56d14000 	C:\WINDOWS\WinSxS\amd64_microsoft.windows.common-controls_6595b64144ccf1df_6.0.18362.1082_none_9e8193e1e45b25c1\COMCTL32.dll
0x00007fff62c00000 - 0x00007fff62f35000 	C:\WINDOWS\System32\combase.dll
0x00007fff62350000 - 0x00007fff623d0000 	C:\WINDOWS\System32\bcryptPrimitives.dll
0x00007fff64380000 - 0x00007fff643ae000 	C:\WINDOWS\System32\IMM32.DLL
0x00007fff3d670000 - 0x00007fff3d686000 	C:\Program Files\Java\jdk-11.0.6\bin\vcruntime140.dll
0x00007fff31380000 - 0x00007fff3142a000 	C:\Program Files\Java\jdk-11.0.6\bin\msvcp140.dll
0x00007fff29d00000 - 0x00007fff2a829000 	C:\Program Files\Java\jdk-11.0.6\bin\server\jvm.dll
0x00007fff649b0000 - 0x00007fff649b8000 	C:\WINDOWS\System32\PSAPI.DLL
0x00007fff4bdf0000 - 0x00007fff4bdf9000 	C:\WINDOWS\SYSTEM32\WSOCK32.dll
0x00007fff5e060000 - 0x00007fff5e084000 	C:\WINDOWS\SYSTEM32\WINMM.dll
0x00007fff63df0000 - 0x00007fff63e5f000 	C:\WINDOWS\System32\WS2_32.dll
0x00007fff5e030000 - 0x00007fff5e05d000 	C:\WINDOWS\SYSTEM32\WINMMBASE.dll
0x00007fff61990000 - 0x00007fff619da000 	C:\WINDOWS\System32\cfgmgr32.dll
0x00007fff618d0000 - 0x00007fff618e1000 	C:\WINDOWS\System32\kernel.appcore.dll
0x00007fff59f90000 - 0x00007fff59fa1000 	C:\Program Files\Java\jdk-11.0.6\bin\verify.dll
0x00007fff5ff10000 - 0x00007fff60104000 	C:\WINDOWS\SYSTEM32\DBGHELP.DLL
0x00007fff4e900000 - 0x00007fff4e92a000 	C:\WINDOWS\SYSTEM32\dbgcore.DLL
0x00007fff4c020000 - 0x00007fff4c049000 	C:\Program Files\Java\jdk-11.0.6\bin\java.dll
0x00007fff4db30000 - 0x00007fff4db46000 	C:\Program Files\Java\jdk-11.0.6\bin\zip.dll
0x00007fff5dc40000 - 0x00007fff5dc4a000 	C:\Program Files\Java\jdk-11.0.6\bin\jimage.dll
0x00007fff63030000 - 0x00007fff63717000 	C:\WINDOWS\System32\SHELL32.dll
0x00007fff643b0000 - 0x00007fff64459000 	C:\WINDOWS\System32\shcore.dll
0x00007fff61ba0000 - 0x00007fff62320000 	C:\WINDOWS\System32\windows.storage.dll
0x00007fff61940000 - 0x00007fff61963000 	C:\WINDOWS\System32\profapi.dll
0x00007fff618f0000 - 0x00007fff6193a000 	C:\WINDOWS\System32\powrprof.dll
0x00007fff618c0000 - 0x00007fff618d0000 	C:\WINDOWS\System32\UMPDC.dll
0x00007fff63ad0000 - 0x00007fff63b22000 	C:\WINDOWS\System32\shlwapi.dll
0x00007fff61b80000 - 0x00007fff61b97000 	C:\WINDOWS\System32\cryptsp.dll
0x00007fff4cef0000 - 0x00007fff4cf09000 	C:\Program Files\Java\jdk-11.0.6\bin\net.dll
0x00007fff55d50000 - 0x00007fff55e40000 	C:\WINDOWS\SYSTEM32\WINHTTP.dll
0x00007fff61070000 - 0x00007fff610d7000 	C:\WINDOWS\system32\mswsock.dll
0x00007fff49e40000 - 0x00007fff49e53000 	C:\Program Files\Java\jdk-11.0.6\bin\nio.dll
0x00007fff30970000 - 0x00007fff30b0f000 	C:\Program Files\Java\jdk-11.0.6\bin\awt.dll
0x00007fff62b30000 - 0x00007fff62bf5000 	C:\WINDOWS\System32\OLEAUT32.dll
0x00007fff5f540000 - 0x00007fff5f5cf000 	C:\WINDOWS\SYSTEM32\apphelp.dll
0x00007fff5fb50000 - 0x00007fff5fb7d000 	C:\WINDOWS\system32\DWMAPI.DLL
0x00007fff5f700000 - 0x00007fff5f799000 	C:\WINDOWS\system32\uxtheme.dll
0x00007fff30620000 - 0x00007fff30776000 	C:\WINDOWS\system32\opengl32.dll
0x00007fff53a70000 - 0x00007fff53a9c000 	C:\WINDOWS\SYSTEM32\GLU32.dll
0x00007fff604d0000 - 0x00007fff604f0000 	C:\WINDOWS\SYSTEM32\dxcore.dll
0x00007fff64570000 - 0x00007fff646a5000 	C:\WINDOWS\System32\MSCTF.dll
0x00007fff63720000 - 0x00007fff63877000 	C:\WINDOWS\System32\ole32.dll
0x00007fff1a620000 - 0x00007fff1a7e7000 	C:\WINDOWS\system32\d3d9.dll
0x00007fff5aa00000 - 0x00007fff5abda000 	C:\WINDOWS\System32\DriverStore\FileRepository\u0338176.inf_amd64_9ec1aaf2b29917f4\B337986\aticfx64.dll
0x00007fff3e640000 - 0x00007fff3e670000 	C:\WINDOWS\System32\DriverStore\FileRepository\u0338176.inf_amd64_9ec1aaf2b29917f4\B337986\atiu9p64.dll
0x00007fff29070000 - 0x00007fff29cf3000 	C:\WINDOWS\System32\DriverStore\FileRepository\u0338176.inf_amd64_9ec1aaf2b29917f4\B337986\atiumd64.dll
0x0000000070120000 - 0x0000000070dcf000 	C:\WINDOWS\System32\DriverStore\FileRepository\u0338176.inf_amd64_9ec1aaf2b29917f4\B337986\atiumd6a.dll
0x000000006f440000 - 0x0000000070115000 	C:\WINDOWS\System32\DriverStore\FileRepository\u0338176.inf_amd64_9ec1aaf2b29917f4\B337986\atiumd6t.dll
0x00007fff33890000 - 0x00007fff33913000 	C:\Program Files\Java\jdk-11.0.6\bin\freetype.dll
0x00007fff2ef20000 - 0x00007fff2efcb000 	C:\Program Files\Java\jdk-11.0.6\bin\fontmanager.dll
0x00007fff64840000 - 0x00007fff648e2000 	C:\WINDOWS\System32\clbcatq.dll
0x00007fff5cbf0000 - 0x00007fff5cd9f000 	C:\WINDOWS\SYSTEM32\WindowsCodecs.dll
0x00007fff5ca30000 - 0x00007fff5ca6a000 	C:\WINDOWS\system32\dataexchange.dll
0x00007fff5ede0000 - 0x00007fff5efbd000 	C:\WINDOWS\system32\dcomp.dll
0x00007fff5e720000 - 0x00007fff5e97b000 	C:\WINDOWS\system32\d3d11.dll
0x00007fff60560000 - 0x00007fff6064b000 	C:\WINDOWS\system32\dxgi.dll
0x00007fff5f7f0000 - 0x00007fff5fa52000 	C:\WINDOWS\system32\twinapi.appcore.dll
0x00007fff5fd10000 - 0x00007fff5fd39000 	C:\WINDOWS\system32\RMCLIENT.dll
0x00007fff52090000 - 0x00007fff5212e000 	C:\WINDOWS\System32\TextInputFramework.dll
0x00007fff5d470000 - 0x00007fff5d79a000 	C:\WINDOWS\System32\CoreUIComponents.dll
0x00007fff5efc0000 - 0x00007fff5f094000 	C:\WINDOWS\System32\CoreMessaging.dll
0x00007fff608c0000 - 0x00007fff608f1000 	C:\WINDOWS\SYSTEM32\ntmarta.dll
0x00007fff5d2a0000 - 0x00007fff5d3f3000 	C:\WINDOWS\SYSTEM32\wintypes.dll

dbghelp: loaded successfully - version: 4.0.5 - missing functions: none
symbol engine: initialized successfully - sym options: 0x614 - pdb path: .;C:\Program Files\Java\jdk-11.0.6\bin;C:\WINDOWS\SYSTEM32;C:\WINDOWS\WinSxS\amd64_microsoft.windows.common-controls_6595b64144ccf1df_6.0.18362.1082_none_9e8193e1e45b25c1;C:\Program Files\Java\jdk-11.0.6\bin\server;C:\WINDOWS\System32\DriverStore\FileRepository\u0338176.inf_amd64_9ec1aaf2b29917f4\B337986

VM Arguments:
jvm_args: -Dfile.encoding=Cp1252 
java_command: hotelMangementSystem.AddEmp
java_class_path (initial): C:\Users\s bhardwaj8717\eclipse-workspace\hotel management system\bin;D:\ide and language\java\mysql-connector-java-8.0.21\mysql-connector-java-8.0.21.jar
Launcher Type: SUN_STANDARD

[Global flags]
     intx CICompilerCount                          = 4                                         {product} {ergonomic}
     uint ConcGCThreads                            = 2                                         {product} {ergonomic}
     uint G1ConcRefinementThreads                  = 8                                         {product} {ergonomic}
   size_t G1HeapRegionSize                         = 1048576                                   {product} {ergonomic}
    uintx GCDrainStackTargetSize                   = 64                                        {product} {ergonomic}
   size_t InitialHeapSize                          = 100663296                                 {product} {ergonomic}
   size_t MarkStackSize                            = 4194304                                   {product} {ergonomic}
   size_t MaxHeapSize                              = 1598029824                                {product} {ergonomic}
   size_t MaxNewSize                               = 958398464                                 {product} {ergonomic}
   size_t MinHeapDeltaBytes                        = 1048576                                   {product} {ergonomic}
    uintx NonNMethodCodeHeapSize                   = 5836300                                {pd product} {ergonomic}
    uintx NonProfiledCodeHeapSize                  = 122910970                              {pd product} {ergonomic}
    uintx ProfiledCodeHeapSize                     = 122910970                              {pd product} {ergonomic}
    uintx ReservedCodeCacheSize                    = 251658240                              {pd product} {ergonomic}
     bool SegmentedCodeCache                       = true                                      {product} {ergonomic}
     bool UseCompressedClassPointers               = true                                 {lp64_product} {ergonomic}
     bool UseCompressedOops                        = true                                 {lp64_product} {ergonomic}
     bool UseG1GC                                  = true                                      {product} {ergonomic}
     bool UseLargePagesIndividualAllocation        = false                                  {pd product} {ergonomic}

Logging:
Log output configuration:
 #0: stdout all=warning uptime,level,tags
 #1: stderr all=off uptime,level,tags

Environment Variables:
PATH=C:/Program Files/Java/jdk-11.0.6/bin/server;C:/Program Files/Java/jdk-11.0.6/bin;C:\WINDOWS\system32;C:\WINDOWS;C:\WINDOWS\System32\Wbem;C:\WINDOWS\System32\WindowsPowerShell\v1.0\;C:\WINDOWS\System32\OpenSSH\;C:\Program Files\Intel\WiFi\bin\;C:\Program Files\Common Files\Intel\WirelessCommon\;C:\Program Files (x86)\mingw-w64\i686-8.1.0-posix-dwarf-rt_v6-rev0\mingw32\bin;C:\Users\s bhardwaj8717\AppData\Local\Programs\Python\Python38-32\;C:\Users\s bhardwaj8717\AppData\Local\Programs\Microsoft VS Code\bin;C:\Program Files\Git\cmd;C:\Users\s bhardwaj8717\AppData\Local\Microsoft\WindowsApps;E:\vs code\Microsoft VS Code\bin;C:\Users\s bhardwaj8717\.android;C:\Program Files\Java\jdk-11.0.6\bin;E:\flutter\Flutter\SDK\bin;;D:\eclipse-java-2019-06-R-win32-x86_64\eclipse;
USERNAME=s bhardwaj8717
OS=Windows_NT
PROCESSOR_IDENTIFIER=AMD64 Family 23 Model 24 Stepping 1, AuthenticAMD



---------------  S Y S T E M  ---------------

OS: Windows 10 , 64 bit Build 18362 (10.0.18362.1082)

CPU:total 8 (initial active 8) (8 cores per cpu, 2 threads per core) family 23 model 24 stepping 1, cmov, cx8, fxsr, mmx, sse, sse2, sse3, ssse3, sse4.1, sse4.2, popcnt, avx, avx2, aes, clmul, mmxext, 3dnowpref, lzcnt, sse4a, ht, tsc, tscinvbit, tscinv, bmi1, bmi2, adx, sha, fma

Memory: 4k page, system-wide physical 6091M (418M free)
TotalPageFile size 21999M (AvailPageFile size 0M)
current process WorkingSet (physical memory assigned to process): 139M, peak: 140M
current process commit charge ("private bytes"): 252M, peak: 253M

vm_info: Java HotSpot(TM) 64-Bit Server VM (11.0.6+8-LTS) for windows-amd64 JRE (11.0.6+8-LTS), built on Dec 11 2019 09:17:57 by "mach5one" with MS VC++ 15.5 (VS2017)

END.
