#
# There is insufficient memory for the Java Runtime Environment to continue.
# Native memory allocation (mmap) failed to map 100663296 bytes for Failed to commit area from 0x00000000a0c00000 to 0x00000000a6c00000 of length 100663296.
# Possible reasons:
#   The system is out of physical RAM or swap space
#   The process is running with CompressedOops enabled, and the Java Heap may be blocking the growth of the native heap
# Possible solutions:
#   Reduce memory load on the system
#   Increase physical memory or swap space
#   Check if swap backing store is full
#   Decrease Java heap size (-Xmx/-Xms)
#   Decrease number of Java threads
#   Decrease Java thread stack sizes (-Xss)
#   Set larger code cache with -XX:ReservedCodeCacheSize=
# This output file may be truncated or incomplete.
#
#  Out of Memory Error (t:/workspace/open/src/hotspot/os/windows/os_windows.cpp:3271), pid=21140, tid=21216
#
# JRE version:  (11.0.6+8) (build )
# Java VM: Java HotSpot(TM) 64-Bit Server VM (11.0.6+8-LTS, mixed mode, sharing, tiered, compressed oops, g1 gc, windows-amd64)
# No core dump will be written. Minidumps are not enabled by default on client versions of Windows
#

---------------  S U M M A R Y ------------

Command Line: -Dfile.encoding=Cp1252 hotelMangementSystem.HotelManagementSystem

Host: AMD Ryzen 5 3500U with Radeon Vega Mobile Gfx  , 8 cores, 5G,  Windows 10 , 64 bit Build 18362 (10.0.18362.1082)
Time: Fri Sep 11 19:34:55 2020 India Standard Time elapsed time: 0 seconds (0d 0h 0m 0s)

---------------  T H R E A D  ---------------

Current thread (0x000001bde77b4000):  JavaThread "Unknown thread" [_thread_in_vm, id=21216, stack(0x00000098bd100000,0x00000098bd200000)]

Stack: [0x00000098bd100000,0x00000098bd200000]
Native frames: (J=compiled Java code, j=interpreted, Vv=VM code, C=native code)
V  [jvm.dll+0x63679a]
V  [jvm.dll+0x7755bf]
V  [jvm.dll+0x776c65]
V  [jvm.dll+0x7772d3]
V  [jvm.dll+0x25e7f8]
V  [jvm.dll+0x633c4a]
V  [jvm.dll+0x628625]
V  [jvm.dll+0x314a7c]
V  [jvm.dll+0x314902]
V  [jvm.dll+0x31a176]
V  [jvm.dll+0x36650f]
V  [jvm.dll+0x365f30]
V  [jvm.dll+0x2f1a78]
V  [jvm.dll+0x2f2bf6]
V  [jvm.dll+0x74e707]
V  [jvm.dll+0x74fe7f]
V  [jvm.dll+0x373349]
V  [jvm.dll+0x734e5e]
V  [jvm.dll+0x3e2b5d]
V  [jvm.dll+0x3e4ef1]
C  [javaw.exe+0x3617]
C  [javaw.exe+0x17e2c]
C  [KERNEL32.DLL+0x17bd4]
C  [ntdll.dll+0x6ce51]


---------------  P R O C E S S  ---------------

Threads class SMR info:
_java_thread_list=0x000001bde5714f10, length=0, elements={
}

Java Threads: ( => current thread )

Other Threads:
  0x000001bde77ca000 GCTaskThread "GC Thread#0" [stack: 0x00000098bd200000,0x00000098bd300000] [id=21220]
  0x000001bde77f3000 ConcurrentGCThread "G1 Main Marker" [stack: 0x00000098bd300000,0x00000098bd400000] [id=21224]
  0x000001bde77f4800 ConcurrentGCThread "G1 Conc#0" [stack: 0x00000098bd400000,0x00000098bd500000] [id=21228]

[error occurred during error reporting (printing all threads), id 0xc0000005, EXCEPTION_ACCESS_VIOLATION (0xc0000005) at pc=0x00007ff806cd0207]

VM state:not at safepoint (not fully initialized)

VM Mutex/Monitor currently owned by a thread:  ([mutex/lock_event])
[0x000001bde77b3180] Heap_lock - owner thread: 0x000001bde77b4000

Heap address: 0x00000000a0c00000, size: 1524 MB, Compressed Oops mode: Non-zero based: 0x00000000a0c00000
Narrow klass base: 0x0000000000000000, Narrow klass shift: 0

GC Heap History (0 events):
No events

Deoptimization events (0 events):
No events

Classes redefined (0 events):
No events

Internal exceptions (0 events):
No events

Events (0 events):
No events


Dynamic libraries:
0x00007ff7d3870000 - 0x00007ff7d38b7000 	C:\Program Files\Java\jdk-11.0.6\bin\javaw.exe
0x00007ff84cea0000 - 0x00007ff84d090000 	C:\WINDOWS\SYSTEM32\ntdll.dll
0x00007ff84c240000 - 0x00007ff84c2f2000 	C:\WINDOWS\System32\KERNEL32.DLL
0x00007ff84aca0000 - 0x00007ff84af45000 	C:\WINDOWS\System32\KERNELBASE.dll
0x00007ff84c400000 - 0x00007ff84c4a3000 	C:\WINDOWS\System32\ADVAPI32.dll
0x00007ff84b720000 - 0x00007ff84b7be000 	C:\WINDOWS\System32\msvcrt.dll
0x00007ff84b990000 - 0x00007ff84ba27000 	C:\WINDOWS\System32\sechost.dll
0x00007ff84ca00000 - 0x00007ff84cb20000 	C:\WINDOWS\System32\RPCRT4.dll
0x00007ff84b7c0000 - 0x00007ff84b955000 	C:\WINDOWS\System32\USER32.dll
0x00007ff849eb0000 - 0x00007ff849ed1000 	C:\WINDOWS\System32\win32u.dll
0x00007ff84b960000 - 0x00007ff84b986000 	C:\WINDOWS\System32\GDI32.dll
0x00007ff84a0e0000 - 0x00007ff84a276000 	C:\WINDOWS\System32\gdi32full.dll
0x00007ff84a480000 - 0x00007ff84a51e000 	C:\WINDOWS\System32\msvcp_win.dll
0x00007ff84a280000 - 0x00007ff84a37a000 	C:\WINDOWS\System32\ucrtbase.dll
0x00007ff83af60000 - 0x00007ff83b1e4000 	C:\WINDOWS\WinSxS\amd64_microsoft.windows.common-controls_6595b64144ccf1df_6.0.18362.1082_none_9e8193e1e45b25c1\COMCTL32.dll
0x00007ff83f560000 - 0x00007ff83f56a000 	C:\WINDOWS\SYSTEM32\VERSION.dll
0x00007ff84cb20000 - 0x00007ff84ce55000 	C:\WINDOWS\System32\combase.dll
0x00007ff849e30000 - 0x00007ff849eb0000 	C:\WINDOWS\System32\bcryptPrimitives.dll
0x00007ff84c740000 - 0x00007ff84c76e000 	C:\WINDOWS\System32\IMM32.DLL
0x00007ff8462a0000 - 0x00007ff8462b6000 	C:\Program Files\Java\jdk-11.0.6\bin\vcruntime140.dll
0x00007ff83de60000 - 0x00007ff83df0a000 	C:\Program Files\Java\jdk-11.0.6\bin\msvcp140.dll
0x00007ff8069d0000 - 0x00007ff8074f9000 	C:\Program Files\Java\jdk-11.0.6\bin\server\jvm.dll
0x00007ff84c680000 - 0x00007ff84c688000 	C:\WINDOWS\System32\PSAPI.DLL
0x00007ff841570000 - 0x00007ff841579000 	C:\WINDOWS\SYSTEM32\WSOCK32.dll
0x00007ff83f750000 - 0x00007ff83f774000 	C:\WINDOWS\SYSTEM32\WINMM.dll
0x00007ff84c990000 - 0x00007ff84c9ff000 	C:\WINDOWS\System32\WS2_32.dll
0x00007ff83f720000 - 0x00007ff83f74d000 	C:\WINDOWS\SYSTEM32\WINMMBASE.dll
0x00007ff84a380000 - 0x00007ff84a3ca000 	C:\WINDOWS\System32\cfgmgr32.dll
0x00007ff849d70000 - 0x00007ff849d81000 	C:\WINDOWS\System32\kernel.appcore.dll
0x00007ff8415d0000 - 0x00007ff8415e1000 	C:\Program Files\Java\jdk-11.0.6\bin\verify.dll
0x00007ff8483b0000 - 0x00007ff8485a4000 	C:\WINDOWS\SYSTEM32\DBGHELP.DLL
0x00007ff843000000 - 0x00007ff84302a000 	C:\WINDOWS\SYSTEM32\dbgcore.DLL
0x00007ff8346b0000 - 0x00007ff8346d9000 	C:\Program Files\Java\jdk-11.0.6\bin\java.dll
0x00007ff834690000 - 0x00007ff8346a6000 	C:\Program Files\Java\jdk-11.0.6\bin\zip.dll
0x00007ff846160000 - 0x00007ff84616a000 	C:\Program Files\Java\jdk-11.0.6\bin\jimage.dll

dbghelp: loaded successfully - version: 4.0.5 - missing functions: none
symbol engine: initialized successfully - sym options: 0x614 - pdb path: .;C:\Program Files\Java\jdk-11.0.6\bin;C:\WINDOWS\SYSTEM32;C:\WINDOWS\WinSxS\amd64_microsoft.windows.common-controls_6595b64144ccf1df_6.0.18362.1082_none_9e8193e1e45b25c1;C:\Program Files\Java\jdk-11.0.6\bin\server

VM Arguments:
jvm_args: -Dfile.encoding=Cp1252 
java_command: hotelMangementSystem.HotelManagementSystem
java_class_path (initial): C:\Users\s bhardwaj8717\eclipse-workspace\hotel management system\bin
Launcher Type: SUN_STANDARD

[Global flags]
     intx CICompilerCount                          = 4                                         {product} {ergonomic}
     uint ConcGCThreads                            = 2                                         {product} {ergonomic}
     uint G1ConcRefinementThreads                  = 8                                         {product} {ergonomic}
   size_t G1HeapRegionSize                         = 1048576                                   {product} {ergonomic}
    uintx GCDrainStackTargetSize                   = 64                                        {product} {ergonomic}
   size_t InitialHeapSize                          = 100663296                                 {product} {ergonomic}
   size_t MarkStackSize                            = 4194304                                   {product} {ergonomic}
   size_t MaxHeapSize                              = 1598029824                                {product} {ergonomic}
   size_t MinHeapDeltaBytes                        = 1048576                                   {product} {ergonomic}
    uintx NonNMethodCodeHeapSize                   = 5836300                                {pd product} {ergonomic}
    uintx NonProfiledCodeHeapSize                  = 122910970                              {pd product} {ergonomic}
    uintx ProfiledCodeHeapSize                     = 122910970                              {pd product} {ergonomic}
    uintx ReservedCodeCacheSize                    = 251658240                              {pd product} {ergonomic}
     bool SegmentedCodeCache                       = true                                      {product} {ergonomic}
     bool UseCompressedClassPointers               = true                                 {lp64_product} {ergonomic}
     bool UseCompressedOops                        = true                                 {lp64_product} {ergonomic}
     bool UseG1GC                                  = true                                      {product} {ergonomic}
     bool UseLargePagesIndividualAllocation        = false                                  {pd product} {ergonomic}

Logging:
Log output configuration:
 #0: stdout all=warning uptime,level,tags
 #1: stderr all=off uptime,level,tags

Environment Variables:
PATH=C:/Program Files/Java/jdk-11.0.6/bin/server;C:/Program Files/Java/jdk-11.0.6/bin;C:\WINDOWS\system32;C:\WINDOWS;C:\WINDOWS\System32\Wbem;C:\WINDOWS\System32\WindowsPowerShell\v1.0\;C:\WINDOWS\System32\OpenSSH\;C:\Program Files\Intel\WiFi\bin\;C:\Program Files\Common Files\Intel\WirelessCommon\;C:\Program Files (x86)\mingw-w64\i686-8.1.0-posix-dwarf-rt_v6-rev0\mingw32\bin;C:\Users\s bhardwaj8717\AppData\Local\Programs\Python\Python38-32\;C:\Users\s bhardwaj8717\AppData\Local\Programs\Microsoft VS Code\bin;C:\Program Files\Git\cmd;C:\Users\s bhardwaj8717\AppData\Local\Microsoft\WindowsApps;E:\vs code\Microsoft VS Code\bin;C:\Users\s bhardwaj8717\.android;C:\Program Files\Java\jdk-11.0.6\bin;E:\flutter\Flutter\SDK\bin;;D:\eclipse-java-2019-06-R-win32-x86_64\eclipse;
USERNAME=s bhardwaj8717
OS=Windows_NT
PROCESSOR_IDENTIFIER=AMD64 Family 23 Model 24 Stepping 1, AuthenticAMD



---------------  S Y S T E M  ---------------

OS: Windows 10 , 64 bit Build 18362 (10.0.18362.1082)

CPU:total 8 (initial active 8) (8 cores per cpu, 2 threads per core) family 23 model 24 stepping 1, cmov, cx8, fxsr, mmx, sse, sse2, sse3, ssse3, sse4.1, sse4.2, popcnt, avx, avx2, aes, clmul, mmxext, 3dnowpref, lzcnt, sse4a, ht, tsc, tscinvbit, tscinv, bmi1, bmi2, adx, sha, fma

Memory: 4k page, system-wide physical 6091M (543M free)
TotalPageFile size 21999M (AvailPageFile size 50M)
current process WorkingSet (physical memory assigned to process): 9M, peak: 9M
current process commit charge ("private bytes"): 60M, peak: 155M

vm_info: Java HotSpot(TM) 64-Bit Server VM (11.0.6+8-LTS) for windows-amd64 JRE (11.0.6+8-LTS), built on Dec 11 2019 09:17:57 by "mach5one" with MS VC++ 15.5 (VS2017)

END.
